Traceback (most recent call last):
  File "/home/runner/work/cvxcla/cvxcla/.venv/lib/python3.10/site-packages/jupyter_cache/executors/utils.py", line 58, in single_nb_execution
    executenb(
  File "/home/runner/work/cvxcla/cvxcla/.venv/lib/python3.10/site-packages/nbclient/client.py", line 1305, in execute
    return NotebookClient(nb=nb, resources=resources, km=km, **kwargs).execute()
  File "/home/runner/work/cvxcla/cvxcla/.venv/lib/python3.10/site-packages/jupyter_core/utils/__init__.py", line 166, in wrapped
    return loop.run_until_complete(inner)
  File "/opt/hostedtoolcache/Python/3.10.12/x64/lib/python3.10/asyncio/base_events.py", line 649, in run_until_complete
    return future.result()
  File "/home/runner/work/cvxcla/cvxcla/.venv/lib/python3.10/site-packages/nbclient/client.py", line 705, in async_execute
    await self.async_execute_cell(
  File "/home/runner/work/cvxcla/cvxcla/.venv/lib/python3.10/site-packages/nbclient/client.py", line 1058, in async_execute_cell
    await self._check_raise_for_error(cell, cell_index, exec_reply)
  File "/home/runner/work/cvxcla/cvxcla/.venv/lib/python3.10/site-packages/nbclient/client.py", line 914, in _check_raise_for_error
    raise CellExecutionError.from_cell_and_msg(cell, exec_reply_content)
nbclient.exceptions.CellExecutionError: An error occurred while executing the following cell:
------------------
n = 10
mean = np.random.randn(n)
lower_bounds = np.zeros(n)
upper_bounds = np.ones(n)

factor = np.random.randn(n,n)
covariance = factor @ factor.T

f1 = Frontier.construct(mean=mean, covariance=covariance, lower_bounds=lower_bounds, upper_bounds=upper_bounds, name="Test1")
------------------


[0;31m---------------------------------------------------------------------------[0m
[0;31mAttributeError[0m                            Traceback (most recent call last)
Cell [0;32mIn[2], line 9[0m
[1;32m      6[0m factor [38;5;241m=[39m np[38;5;241m.[39mrandom[38;5;241m.[39mrandn(n,n)
[1;32m      7[0m covariance [38;5;241m=[39m factor [38;5;241m@[39m factor[38;5;241m.[39mT
[0;32m----> 9[0m f1 [38;5;241m=[39m [43mFrontier[49m[38;5;241;43m.[39;49m[43mconstruct[49m(mean[38;5;241m=[39mmean, covariance[38;5;241m=[39mcovariance, lower_bounds[38;5;241m=[39mlower_bounds, upper_bounds[38;5;241m=[39mupper_bounds, name[38;5;241m=[39m[38;5;124m"[39m[38;5;124mTest1[39m[38;5;124m"[39m)

[0;31mAttributeError[0m: type object 'Frontier' has no attribute 'construct'

